<?xml version="1.0" encoding="UTF-8"?>
<testsuite name="ls.Tests" tests="5" skipped="0" failures="0" errors="0" timestamp="2022-04-07T19:34:38" hostname="MSI" time="0.046">
  <properties/>
  <testcase name="testWithoutArguments()" classname="ls.Tests" time="0.021"/>
  <testcase name="testLR()" classname="ls.Tests" time="0.014"/>
  <testcase name="testH()" classname="ls.Tests" time="0.004"/>
  <testcase name="testL()" classname="ls.Tests" time="0.003"/>
  <testcase name="testR()" classname="ls.Tests" time="0.002"/>
  <system-out><![CDATA[]]></system-out>
  <system-err><![CDATA[]]></system-err>
</testsuite>
